<?xml version="1.0" encoding="UTF-8"?>
<!-- Generated by org.testng.reporters.JUnitXMLReporter -->
<testsuite ignored="2" hostname="DESKTOP-8UK5MOB" failures="1" tests="2" name="Application Test" time="0.036" errors="0" timestamp="31 Aug 2020 07:09:25 GMT">
  <testcase classname="testNg.TestNgBasics" name="car1" time="0.01">
    <failure type="java.lang.AssertionError" message="expected [true] but found [false]">
      <![CDATA[java.lang.AssertionError: expected [true] but found [false]
at testNg.TestNgBasics.car1(TestNgBasics.java:13)
... Removed 29 stack frames]]>
    </failure>
  </testcase> <!-- car1 -->
  <testcase classname="testNg.TestNgBasics" name="car2" time="0.001"/>
  <testcase classname="testNg.TestNgBasics" name="bike" time="0.0">
    <ignored/>
  </testcase> <!-- bike -->
  <testcase classname="testNg.NewTest" name="f" time="0.0">
    <ignored/>
  </testcase> <!-- f -->
</testsuite> <!-- Application Test -->
